<testsuites id="" name="" tests="192" failures="0" skipped="192" errors="0" time="0.0977220000000001">
<testsuite name="authentication.critical.spec.ts" timestamp="2025-09-03T06:04:58.728Z" hostname="chromium" tests="5" failures="0" skipped="5" time="0" errors="0">
<testcase name="@critical User Authentication › [TC-AUTH-001] @critical Login dialog displays correctly" classname="authentication.critical.spec.ts" time="0">
<skipped>
</skipped>
</testcase>
<testcase name="@critical User Authentication › [TC-AUTH-002] @critical Login form accepts user input" classname="authentication.critical.spec.ts" time="0">
<skipped>
</skipped>
</testcase>
<testcase name="@critical User Authentication › [TC-AUTH-003] @critical Login form validation for empty fields" classname="authentication.critical.spec.ts" time="0">
<skipped>
</skipped>
</testcase>
<testcase name="@critical User Authentication › [TC-AUTH-004] @critical Forgot password link navigation" classname="authentication.critical.spec.ts" time="0">
<skipped>
</skipped>
</testcase>
<testcase name="@critical User Authentication › [TC-AUTH-005] @critical Sign up link navigation" classname="authentication.critical.spec.ts" time="0">
<skipped>
</skipped>
</testcase>
</testsuite>
<testsuite name="basic-functionality.smoke.spec.ts" timestamp="2025-09-03T06:04:58.728Z" hostname="chromium" tests="4" failures="0" skipped="4" time="0" errors="0">
<testcase name="@smoke Basic Functionality Verification › [TC-BASIC-001] @smoke Homepage accessibility and basic elements" classname="basic-functionality.smoke.spec.ts" time="0">
<skipped>
</skipped>
</testcase>
<testcase name="@smoke Basic Functionality Verification › [TC-BASIC-002] @smoke User menu and login dialog" classname="basic-functionality.smoke.spec.ts" time="0">
<skipped>
</skipped>
</testcase>
<testcase name="@smoke Basic Functionality Verification › [TC-BASIC-003] @smoke Search functionality" classname="basic-functionality.smoke.spec.ts" time="0">
<skipped>
</skipped>
</testcase>
<testcase name="@smoke Basic Functionality Verification › [TC-BASIC-004] @smoke Category navigation" classname="basic-functionality.smoke.spec.ts" time="0">
<skipped>
</skipped>
</testcase>
</testsuite>
<testsuite name="category-navigation.smoke.spec.ts" timestamp="2025-09-03T06:04:58.728Z" hostname="chromium" tests="4" failures="0" skipped="4" time="0" errors="0">
<testcase name="@smoke Category Navigation and Product Browsing › [TC-CAT-001] @smoke Living Room category page loads correctly" classname="category-navigation.smoke.spec.ts" time="0">
<skipped>
</skipped>
</testcase>
<testcase name="@smoke Category Navigation and Product Browsing › [TC-CAT-002] @smoke Category filters are functional" classname="category-navigation.smoke.spec.ts" time="0">
<skipped>
</skipped>
</testcase>
<testcase name="@smoke Category Navigation and Product Browsing › [TC-CAT-003] @smoke Search functionality with different terms" classname="category-navigation.smoke.spec.ts" time="0">
<skipped>
</skipped>
</testcase>
<testcase name="@smoke Category Navigation and Product Browsing › [TC-CAT-004] @regression Product pagination functionality" classname="category-navigation.smoke.spec.ts" time="0">
<skipped>
</skipped>
</testcase>
</testsuite>
<testsuite name="core-functionality.fixed.spec.ts" timestamp="2025-09-03T06:04:58.728Z" hostname="chromium" tests="5" failures="0" skipped="5" time="0" errors="0">
<testcase name="@smoke Core Functionality Tests › [TC-CORE-001] @smoke Homepage loads correctly" classname="core-functionality.fixed.spec.ts" time="0">
<skipped>
</skipped>
</testcase>
<testcase name="@smoke Core Functionality Tests › [TC-CORE-002] @smoke User menu and login dialog work" classname="core-functionality.fixed.spec.ts" time="0">
<skipped>
</skipped>
</testcase>
<testcase name="@smoke Core Functionality Tests › [TC-CORE-003] @smoke Search functionality works" classname="core-functionality.fixed.spec.ts" time="0">
<skipped>
</skipped>
</testcase>
<testcase name="@smoke Core Functionality Tests › [TC-CORE-004] @smoke Category navigation works" classname="core-functionality.fixed.spec.ts" time="0">
<skipped>
</skipped>
</testcase>
<testcase name="@smoke Core Functionality Tests › [TC-CORE-005] @smoke Basic filter visibility" classname="core-functionality.fixed.spec.ts" time="0">
<skipped>
</skipped>
</testcase>
</testsuite>
<testsuite name="homepage.critical.spec.ts" timestamp="2025-09-03T06:04:58.728Z" hostname="chromium" tests="4" failures="0" skipped="4" time="0" errors="0">
<testcase name="@critical Homepage Core Functionality › [TC-HOME-001] @critical Homepage loads with all essential elements" classname="homepage.critical.spec.ts" time="0">
<skipped>
</skipped>
</testcase>
<testcase name="@critical Homepage Core Functionality › [TC-HOME-002] @critical Product search functionality works correctly" classname="homepage.critical.spec.ts" time="0">
<skipped>
</skipped>
</testcase>
<testcase name="@critical Homepage Core Functionality › [TC-HOME-003] @critical User menu and login dialog functionality" classname="homepage.critical.spec.ts" time="0">
<skipped>
</skipped>
</testcase>
<testcase name="@critical Homepage Core Functionality › [TC-HOME-004] @critical Navigation menu categories are functional" classname="homepage.critical.spec.ts" time="0">
<skipped>
</skipped>
</testcase>
</testsuite>
<testsuite name="simple.test.ts" timestamp="2025-09-03T06:04:58.728Z" hostname="chromium" tests="1" failures="0" skipped="1" time="0" errors="0">
<testcase name="[TC-SETUP-001] Simple test to check setup" classname="simple.test.ts" time="0">
<skipped>
</skipped>
</testcase>
</testsuite>
<testsuite name="test-homepage.test.ts" timestamp="2025-09-03T06:04:58.728Z" hostname="chromium" tests="1" failures="0" skipped="1" time="0" errors="0">
<testcase name="[TC-SETUP-002] Test minimal HomePage" classname="test-homepage.test.ts" time="0">
<skipped>
</skipped>
</testcase>
</testsuite>
<testsuite name="authentication.critical.spec.ts" timestamp="2025-09-03T06:04:58.728Z" hostname="firefox" tests="5" failures="0" skipped="5" time="0" errors="0">
<testcase name="@critical User Authentication › [TC-AUTH-001] @critical Login dialog displays correctly" classname="authentication.critical.spec.ts" time="0">
<skipped>
</skipped>
</testcase>
<testcase name="@critical User Authentication › [TC-AUTH-002] @critical Login form accepts user input" classname="authentication.critical.spec.ts" time="0">
<skipped>
</skipped>
</testcase>
<testcase name="@critical User Authentication › [TC-AUTH-003] @critical Login form validation for empty fields" classname="authentication.critical.spec.ts" time="0">
<skipped>
</skipped>
</testcase>
<testcase name="@critical User Authentication › [TC-AUTH-004] @critical Forgot password link navigation" classname="authentication.critical.spec.ts" time="0">
<skipped>
</skipped>
</testcase>
<testcase name="@critical User Authentication › [TC-AUTH-005] @critical Sign up link navigation" classname="authentication.critical.spec.ts" time="0">
<skipped>
</skipped>
</testcase>
</testsuite>
<testsuite name="basic-functionality.smoke.spec.ts" timestamp="2025-09-03T06:04:58.728Z" hostname="firefox" tests="4" failures="0" skipped="4" time="0" errors="0">
<testcase name="@smoke Basic Functionality Verification › [TC-BASIC-001] @smoke Homepage accessibility and basic elements" classname="basic-functionality.smoke.spec.ts" time="0">
<skipped>
</skipped>
</testcase>
<testcase name="@smoke Basic Functionality Verification › [TC-BASIC-002] @smoke User menu and login dialog" classname="basic-functionality.smoke.spec.ts" time="0">
<skipped>
</skipped>
</testcase>
<testcase name="@smoke Basic Functionality Verification › [TC-BASIC-003] @smoke Search functionality" classname="basic-functionality.smoke.spec.ts" time="0">
<skipped>
</skipped>
</testcase>
<testcase name="@smoke Basic Functionality Verification › [TC-BASIC-004] @smoke Category navigation" classname="basic-functionality.smoke.spec.ts" time="0">
<skipped>
</skipped>
</testcase>
</testsuite>
<testsuite name="category-navigation.smoke.spec.ts" timestamp="2025-09-03T06:04:58.728Z" hostname="firefox" tests="4" failures="0" skipped="4" time="0" errors="0">
<testcase name="@smoke Category Navigation and Product Browsing › [TC-CAT-001] @smoke Living Room category page loads correctly" classname="category-navigation.smoke.spec.ts" time="0">
<skipped>
</skipped>
</testcase>
<testcase name="@smoke Category Navigation and Product Browsing › [TC-CAT-002] @smoke Category filters are functional" classname="category-navigation.smoke.spec.ts" time="0">
<skipped>
</skipped>
</testcase>
<testcase name="@smoke Category Navigation and Product Browsing › [TC-CAT-003] @smoke Search functionality with different terms" classname="category-navigation.smoke.spec.ts" time="0">
<skipped>
</skipped>
</testcase>
<testcase name="@smoke Category Navigation and Product Browsing › [TC-CAT-004] @regression Product pagination functionality" classname="category-navigation.smoke.spec.ts" time="0">
<skipped>
</skipped>
</testcase>
</testsuite>
<testsuite name="core-functionality.fixed.spec.ts" timestamp="2025-09-03T06:04:58.728Z" hostname="firefox" tests="5" failures="0" skipped="5" time="0" errors="0">
<testcase name="@smoke Core Functionality Tests › [TC-CORE-001] @smoke Homepage loads correctly" classname="core-functionality.fixed.spec.ts" time="0">
<skipped>
</skipped>
</testcase>
<testcase name="@smoke Core Functionality Tests › [TC-CORE-002] @smoke User menu and login dialog work" classname="core-functionality.fixed.spec.ts" time="0">
<skipped>
</skipped>
</testcase>
<testcase name="@smoke Core Functionality Tests › [TC-CORE-003] @smoke Search functionality works" classname="core-functionality.fixed.spec.ts" time="0">
<skipped>
</skipped>
</testcase>
<testcase name="@smoke Core Functionality Tests › [TC-CORE-004] @smoke Category navigation works" classname="core-functionality.fixed.spec.ts" time="0">
<skipped>
</skipped>
</testcase>
<testcase name="@smoke Core Functionality Tests › [TC-CORE-005] @smoke Basic filter visibility" classname="core-functionality.fixed.spec.ts" time="0">
<skipped>
</skipped>
</testcase>
</testsuite>
<testsuite name="homepage.critical.spec.ts" timestamp="2025-09-03T06:04:58.728Z" hostname="firefox" tests="4" failures="0" skipped="4" time="0" errors="0">
<testcase name="@critical Homepage Core Functionality › [TC-HOME-001] @critical Homepage loads with all essential elements" classname="homepage.critical.spec.ts" time="0">
<skipped>
</skipped>
</testcase>
<testcase name="@critical Homepage Core Functionality › [TC-HOME-002] @critical Product search functionality works correctly" classname="homepage.critical.spec.ts" time="0">
<skipped>
</skipped>
</testcase>
<testcase name="@critical Homepage Core Functionality › [TC-HOME-003] @critical User menu and login dialog functionality" classname="homepage.critical.spec.ts" time="0">
<skipped>
</skipped>
</testcase>
<testcase name="@critical Homepage Core Functionality › [TC-HOME-004] @critical Navigation menu categories are functional" classname="homepage.critical.spec.ts" time="0">
<skipped>
</skipped>
</testcase>
</testsuite>
<testsuite name="simple.test.ts" timestamp="2025-09-03T06:04:58.728Z" hostname="firefox" tests="1" failures="0" skipped="1" time="0" errors="0">
<testcase name="[TC-SETUP-001] Simple test to check setup" classname="simple.test.ts" time="0">
<skipped>
</skipped>
</testcase>
</testsuite>
<testsuite name="test-homepage.test.ts" timestamp="2025-09-03T06:04:58.728Z" hostname="firefox" tests="1" failures="0" skipped="1" time="0" errors="0">
<testcase name="[TC-SETUP-002] Test minimal HomePage" classname="test-homepage.test.ts" time="0">
<skipped>
</skipped>
</testcase>
</testsuite>
<testsuite name="authentication.critical.spec.ts" timestamp="2025-09-03T06:04:58.728Z" hostname="webkit" tests="5" failures="0" skipped="5" time="0" errors="0">
<testcase name="@critical User Authentication › [TC-AUTH-001] @critical Login dialog displays correctly" classname="authentication.critical.spec.ts" time="0">
<skipped>
</skipped>
</testcase>
<testcase name="@critical User Authentication › [TC-AUTH-002] @critical Login form accepts user input" classname="authentication.critical.spec.ts" time="0">
<skipped>
</skipped>
</testcase>
<testcase name="@critical User Authentication › [TC-AUTH-003] @critical Login form validation for empty fields" classname="authentication.critical.spec.ts" time="0">
<skipped>
</skipped>
</testcase>
<testcase name="@critical User Authentication › [TC-AUTH-004] @critical Forgot password link navigation" classname="authentication.critical.spec.ts" time="0">
<skipped>
</skipped>
</testcase>
<testcase name="@critical User Authentication › [TC-AUTH-005] @critical Sign up link navigation" classname="authentication.critical.spec.ts" time="0">
<skipped>
</skipped>
</testcase>
</testsuite>
<testsuite name="basic-functionality.smoke.spec.ts" timestamp="2025-09-03T06:04:58.728Z" hostname="webkit" tests="4" failures="0" skipped="4" time="0" errors="0">
<testcase name="@smoke Basic Functionality Verification › [TC-BASIC-001] @smoke Homepage accessibility and basic elements" classname="basic-functionality.smoke.spec.ts" time="0">
<skipped>
</skipped>
</testcase>
<testcase name="@smoke Basic Functionality Verification › [TC-BASIC-002] @smoke User menu and login dialog" classname="basic-functionality.smoke.spec.ts" time="0">
<skipped>
</skipped>
</testcase>
<testcase name="@smoke Basic Functionality Verification › [TC-BASIC-003] @smoke Search functionality" classname="basic-functionality.smoke.spec.ts" time="0">
<skipped>
</skipped>
</testcase>
<testcase name="@smoke Basic Functionality Verification › [TC-BASIC-004] @smoke Category navigation" classname="basic-functionality.smoke.spec.ts" time="0">
<skipped>
</skipped>
</testcase>
</testsuite>
<testsuite name="category-navigation.smoke.spec.ts" timestamp="2025-09-03T06:04:58.728Z" hostname="webkit" tests="4" failures="0" skipped="4" time="0" errors="0">
<testcase name="@smoke Category Navigation and Product Browsing › [TC-CAT-001] @smoke Living Room category page loads correctly" classname="category-navigation.smoke.spec.ts" time="0">
<skipped>
</skipped>
</testcase>
<testcase name="@smoke Category Navigation and Product Browsing › [TC-CAT-002] @smoke Category filters are functional" classname="category-navigation.smoke.spec.ts" time="0">
<skipped>
</skipped>
</testcase>
<testcase name="@smoke Category Navigation and Product Browsing › [TC-CAT-003] @smoke Search functionality with different terms" classname="category-navigation.smoke.spec.ts" time="0">
<skipped>
</skipped>
</testcase>
<testcase name="@smoke Category Navigation and Product Browsing › [TC-CAT-004] @regression Product pagination functionality" classname="category-navigation.smoke.spec.ts" time="0">
<skipped>
</skipped>
</testcase>
</testsuite>
<testsuite name="core-functionality.fixed.spec.ts" timestamp="2025-09-03T06:04:58.728Z" hostname="webkit" tests="5" failures="0" skipped="5" time="0" errors="0">
<testcase name="@smoke Core Functionality Tests › [TC-CORE-001] @smoke Homepage loads correctly" classname="core-functionality.fixed.spec.ts" time="0">
<skipped>
</skipped>
</testcase>
<testcase name="@smoke Core Functionality Tests › [TC-CORE-002] @smoke User menu and login dialog work" classname="core-functionality.fixed.spec.ts" time="0">
<skipped>
</skipped>
</testcase>
<testcase name="@smoke Core Functionality Tests › [TC-CORE-003] @smoke Search functionality works" classname="core-functionality.fixed.spec.ts" time="0">
<skipped>
</skipped>
</testcase>
<testcase name="@smoke Core Functionality Tests › [TC-CORE-004] @smoke Category navigation works" classname="core-functionality.fixed.spec.ts" time="0">
<skipped>
</skipped>
</testcase>
<testcase name="@smoke Core Functionality Tests › [TC-CORE-005] @smoke Basic filter visibility" classname="core-functionality.fixed.spec.ts" time="0">
<skipped>
</skipped>
</testcase>
</testsuite>
<testsuite name="homepage.critical.spec.ts" timestamp="2025-09-03T06:04:58.728Z" hostname="webkit" tests="4" failures="0" skipped="4" time="0" errors="0">
<testcase name="@critical Homepage Core Functionality › [TC-HOME-001] @critical Homepage loads with all essential elements" classname="homepage.critical.spec.ts" time="0">
<skipped>
</skipped>
</testcase>
<testcase name="@critical Homepage Core Functionality › [TC-HOME-002] @critical Product search functionality works correctly" classname="homepage.critical.spec.ts" time="0">
<skipped>
</skipped>
</testcase>
<testcase name="@critical Homepage Core Functionality › [TC-HOME-003] @critical User menu and login dialog functionality" classname="homepage.critical.spec.ts" time="0">
<skipped>
</skipped>
</testcase>
<testcase name="@critical Homepage Core Functionality › [TC-HOME-004] @critical Navigation menu categories are functional" classname="homepage.critical.spec.ts" time="0">
<skipped>
</skipped>
</testcase>
</testsuite>
<testsuite name="simple.test.ts" timestamp="2025-09-03T06:04:58.728Z" hostname="webkit" tests="1" failures="0" skipped="1" time="0" errors="0">
<testcase name="[TC-SETUP-001] Simple test to check setup" classname="simple.test.ts" time="0">
<skipped>
</skipped>
</testcase>
</testsuite>
<testsuite name="test-homepage.test.ts" timestamp="2025-09-03T06:04:58.728Z" hostname="webkit" tests="1" failures="0" skipped="1" time="0" errors="0">
<testcase name="[TC-SETUP-002] Test minimal HomePage" classname="test-homepage.test.ts" time="0">
<skipped>
</skipped>
</testcase>
</testsuite>
<testsuite name="authentication.critical.spec.ts" timestamp="2025-09-03T06:04:58.728Z" hostname="mobile-chrome" tests="5" failures="0" skipped="5" time="0" errors="0">
<testcase name="@critical User Authentication › [TC-AUTH-001] @critical Login dialog displays correctly" classname="authentication.critical.spec.ts" time="0">
<skipped>
</skipped>
</testcase>
<testcase name="@critical User Authentication › [TC-AUTH-002] @critical Login form accepts user input" classname="authentication.critical.spec.ts" time="0">
<skipped>
</skipped>
</testcase>
<testcase name="@critical User Authentication › [TC-AUTH-003] @critical Login form validation for empty fields" classname="authentication.critical.spec.ts" time="0">
<skipped>
</skipped>
</testcase>
<testcase name="@critical User Authentication › [TC-AUTH-004] @critical Forgot password link navigation" classname="authentication.critical.spec.ts" time="0">
<skipped>
</skipped>
</testcase>
<testcase name="@critical User Authentication › [TC-AUTH-005] @critical Sign up link navigation" classname="authentication.critical.spec.ts" time="0">
<skipped>
</skipped>
</testcase>
</testsuite>
<testsuite name="basic-functionality.smoke.spec.ts" timestamp="2025-09-03T06:04:58.728Z" hostname="mobile-chrome" tests="4" failures="0" skipped="4" time="0" errors="0">
<testcase name="@smoke Basic Functionality Verification › [TC-BASIC-001] @smoke Homepage accessibility and basic elements" classname="basic-functionality.smoke.spec.ts" time="0">
<skipped>
</skipped>
</testcase>
<testcase name="@smoke Basic Functionality Verification › [TC-BASIC-002] @smoke User menu and login dialog" classname="basic-functionality.smoke.spec.ts" time="0">
<skipped>
</skipped>
</testcase>
<testcase name="@smoke Basic Functionality Verification › [TC-BASIC-003] @smoke Search functionality" classname="basic-functionality.smoke.spec.ts" time="0">
<skipped>
</skipped>
</testcase>
<testcase name="@smoke Basic Functionality Verification › [TC-BASIC-004] @smoke Category navigation" classname="basic-functionality.smoke.spec.ts" time="0">
<skipped>
</skipped>
</testcase>
</testsuite>
<testsuite name="category-navigation.smoke.spec.ts" timestamp="2025-09-03T06:04:58.728Z" hostname="mobile-chrome" tests="4" failures="0" skipped="4" time="0" errors="0">
<testcase name="@smoke Category Navigation and Product Browsing › [TC-CAT-001] @smoke Living Room category page loads correctly" classname="category-navigation.smoke.spec.ts" time="0">
<skipped>
</skipped>
</testcase>
<testcase name="@smoke Category Navigation and Product Browsing › [TC-CAT-002] @smoke Category filters are functional" classname="category-navigation.smoke.spec.ts" time="0">
<skipped>
</skipped>
</testcase>
<testcase name="@smoke Category Navigation and Product Browsing › [TC-CAT-003] @smoke Search functionality with different terms" classname="category-navigation.smoke.spec.ts" time="0">
<skipped>
</skipped>
</testcase>
<testcase name="@smoke Category Navigation and Product Browsing › [TC-CAT-004] @regression Product pagination functionality" classname="category-navigation.smoke.spec.ts" time="0">
<skipped>
</skipped>
</testcase>
</testsuite>
<testsuite name="core-functionality.fixed.spec.ts" timestamp="2025-09-03T06:04:58.728Z" hostname="mobile-chrome" tests="5" failures="0" skipped="5" time="0" errors="0">
<testcase name="@smoke Core Functionality Tests › [TC-CORE-001] @smoke Homepage loads correctly" classname="core-functionality.fixed.spec.ts" time="0">
<skipped>
</skipped>
</testcase>
<testcase name="@smoke Core Functionality Tests › [TC-CORE-002] @smoke User menu and login dialog work" classname="core-functionality.fixed.spec.ts" time="0">
<skipped>
</skipped>
</testcase>
<testcase name="@smoke Core Functionality Tests › [TC-CORE-003] @smoke Search functionality works" classname="core-functionality.fixed.spec.ts" time="0">
<skipped>
</skipped>
</testcase>
<testcase name="@smoke Core Functionality Tests › [TC-CORE-004] @smoke Category navigation works" classname="core-functionality.fixed.spec.ts" time="0">
<skipped>
</skipped>
</testcase>
<testcase name="@smoke Core Functionality Tests › [TC-CORE-005] @smoke Basic filter visibility" classname="core-functionality.fixed.spec.ts" time="0">
<skipped>
</skipped>
</testcase>
</testsuite>
<testsuite name="homepage.critical.spec.ts" timestamp="2025-09-03T06:04:58.728Z" hostname="mobile-chrome" tests="4" failures="0" skipped="4" time="0" errors="0">
<testcase name="@critical Homepage Core Functionality › [TC-HOME-001] @critical Homepage loads with all essential elements" classname="homepage.critical.spec.ts" time="0">
<skipped>
</skipped>
</testcase>
<testcase name="@critical Homepage Core Functionality › [TC-HOME-002] @critical Product search functionality works correctly" classname="homepage.critical.spec.ts" time="0">
<skipped>
</skipped>
</testcase>
<testcase name="@critical Homepage Core Functionality › [TC-HOME-003] @critical User menu and login dialog functionality" classname="homepage.critical.spec.ts" time="0">
<skipped>
</skipped>
</testcase>
<testcase name="@critical Homepage Core Functionality › [TC-HOME-004] @critical Navigation menu categories are functional" classname="homepage.critical.spec.ts" time="0">
<skipped>
</skipped>
</testcase>
</testsuite>
<testsuite name="simple.test.ts" timestamp="2025-09-03T06:04:58.728Z" hostname="mobile-chrome" tests="1" failures="0" skipped="1" time="0" errors="0">
<testcase name="[TC-SETUP-001] Simple test to check setup" classname="simple.test.ts" time="0">
<skipped>
</skipped>
</testcase>
</testsuite>
<testsuite name="test-homepage.test.ts" timestamp="2025-09-03T06:04:58.728Z" hostname="mobile-chrome" tests="1" failures="0" skipped="1" time="0" errors="0">
<testcase name="[TC-SETUP-002] Test minimal HomePage" classname="test-homepage.test.ts" time="0">
<skipped>
</skipped>
</testcase>
</testsuite>
<testsuite name="authentication.critical.spec.ts" timestamp="2025-09-03T06:04:58.728Z" hostname="mobile-safari" tests="5" failures="0" skipped="5" time="0" errors="0">
<testcase name="@critical User Authentication › [TC-AUTH-001] @critical Login dialog displays correctly" classname="authentication.critical.spec.ts" time="0">
<skipped>
</skipped>
</testcase>
<testcase name="@critical User Authentication › [TC-AUTH-002] @critical Login form accepts user input" classname="authentication.critical.spec.ts" time="0">
<skipped>
</skipped>
</testcase>
<testcase name="@critical User Authentication › [TC-AUTH-003] @critical Login form validation for empty fields" classname="authentication.critical.spec.ts" time="0">
<skipped>
</skipped>
</testcase>
<testcase name="@critical User Authentication › [TC-AUTH-004] @critical Forgot password link navigation" classname="authentication.critical.spec.ts" time="0">
<skipped>
</skipped>
</testcase>
<testcase name="@critical User Authentication › [TC-AUTH-005] @critical Sign up link navigation" classname="authentication.critical.spec.ts" time="0">
<skipped>
</skipped>
</testcase>
</testsuite>
<testsuite name="basic-functionality.smoke.spec.ts" timestamp="2025-09-03T06:04:58.728Z" hostname="mobile-safari" tests="4" failures="0" skipped="4" time="0" errors="0">
<testcase name="@smoke Basic Functionality Verification › [TC-BASIC-001] @smoke Homepage accessibility and basic elements" classname="basic-functionality.smoke.spec.ts" time="0">
<skipped>
</skipped>
</testcase>
<testcase name="@smoke Basic Functionality Verification › [TC-BASIC-002] @smoke User menu and login dialog" classname="basic-functionality.smoke.spec.ts" time="0">
<skipped>
</skipped>
</testcase>
<testcase name="@smoke Basic Functionality Verification › [TC-BASIC-003] @smoke Search functionality" classname="basic-functionality.smoke.spec.ts" time="0">
<skipped>
</skipped>
</testcase>
<testcase name="@smoke Basic Functionality Verification › [TC-BASIC-004] @smoke Category navigation" classname="basic-functionality.smoke.spec.ts" time="0">
<skipped>
</skipped>
</testcase>
</testsuite>
<testsuite name="category-navigation.smoke.spec.ts" timestamp="2025-09-03T06:04:58.728Z" hostname="mobile-safari" tests="4" failures="0" skipped="4" time="0" errors="0">
<testcase name="@smoke Category Navigation and Product Browsing › [TC-CAT-001] @smoke Living Room category page loads correctly" classname="category-navigation.smoke.spec.ts" time="0">
<skipped>
</skipped>
</testcase>
<testcase name="@smoke Category Navigation and Product Browsing › [TC-CAT-002] @smoke Category filters are functional" classname="category-navigation.smoke.spec.ts" time="0">
<skipped>
</skipped>
</testcase>
<testcase name="@smoke Category Navigation and Product Browsing › [TC-CAT-003] @smoke Search functionality with different terms" classname="category-navigation.smoke.spec.ts" time="0">
<skipped>
</skipped>
</testcase>
<testcase name="@smoke Category Navigation and Product Browsing › [TC-CAT-004] @regression Product pagination functionality" classname="category-navigation.smoke.spec.ts" time="0">
<skipped>
</skipped>
</testcase>
</testsuite>
<testsuite name="core-functionality.fixed.spec.ts" timestamp="2025-09-03T06:04:58.728Z" hostname="mobile-safari" tests="5" failures="0" skipped="5" time="0" errors="0">
<testcase name="@smoke Core Functionality Tests › [TC-CORE-001] @smoke Homepage loads correctly" classname="core-functionality.fixed.spec.ts" time="0">
<skipped>
</skipped>
</testcase>
<testcase name="@smoke Core Functionality Tests › [TC-CORE-002] @smoke User menu and login dialog work" classname="core-functionality.fixed.spec.ts" time="0">
<skipped>
</skipped>
</testcase>
<testcase name="@smoke Core Functionality Tests › [TC-CORE-003] @smoke Search functionality works" classname="core-functionality.fixed.spec.ts" time="0">
<skipped>
</skipped>
</testcase>
<testcase name="@smoke Core Functionality Tests › [TC-CORE-004] @smoke Category navigation works" classname="core-functionality.fixed.spec.ts" time="0">
<skipped>
</skipped>
</testcase>
<testcase name="@smoke Core Functionality Tests › [TC-CORE-005] @smoke Basic filter visibility" classname="core-functionality.fixed.spec.ts" time="0">
<skipped>
</skipped>
</testcase>
</testsuite>
<testsuite name="homepage.critical.spec.ts" timestamp="2025-09-03T06:04:58.728Z" hostname="mobile-safari" tests="4" failures="0" skipped="4" time="0" errors="0">
<testcase name="@critical Homepage Core Functionality › [TC-HOME-001] @critical Homepage loads with all essential elements" classname="homepage.critical.spec.ts" time="0">
<skipped>
</skipped>
</testcase>
<testcase name="@critical Homepage Core Functionality › [TC-HOME-002] @critical Product search functionality works correctly" classname="homepage.critical.spec.ts" time="0">
<skipped>
</skipped>
</testcase>
<testcase name="@critical Homepage Core Functionality › [TC-HOME-003] @critical User menu and login dialog functionality" classname="homepage.critical.spec.ts" time="0">
<skipped>
</skipped>
</testcase>
<testcase name="@critical Homepage Core Functionality › [TC-HOME-004] @critical Navigation menu categories are functional" classname="homepage.critical.spec.ts" time="0">
<skipped>
</skipped>
</testcase>
</testsuite>
<testsuite name="simple.test.ts" timestamp="2025-09-03T06:04:58.728Z" hostname="mobile-safari" tests="1" failures="0" skipped="1" time="0" errors="0">
<testcase name="[TC-SETUP-001] Simple test to check setup" classname="simple.test.ts" time="0">
<skipped>
</skipped>
</testcase>
</testsuite>
<testsuite name="test-homepage.test.ts" timestamp="2025-09-03T06:04:58.728Z" hostname="mobile-safari" tests="1" failures="0" skipped="1" time="0" errors="0">
<testcase name="[TC-SETUP-002] Test minimal HomePage" classname="test-homepage.test.ts" time="0">
<skipped>
</skipped>
</testcase>
</testsuite>
<testsuite name="authentication.critical.spec.ts" timestamp="2025-09-03T06:04:58.728Z" hostname="edge" tests="5" failures="0" skipped="5" time="0" errors="0">
<testcase name="@critical User Authentication › [TC-AUTH-001] @critical Login dialog displays correctly" classname="authentication.critical.spec.ts" time="0">
<skipped>
</skipped>
</testcase>
<testcase name="@critical User Authentication › [TC-AUTH-002] @critical Login form accepts user input" classname="authentication.critical.spec.ts" time="0">
<skipped>
</skipped>
</testcase>
<testcase name="@critical User Authentication › [TC-AUTH-003] @critical Login form validation for empty fields" classname="authentication.critical.spec.ts" time="0">
<skipped>
</skipped>
</testcase>
<testcase name="@critical User Authentication › [TC-AUTH-004] @critical Forgot password link navigation" classname="authentication.critical.spec.ts" time="0">
<skipped>
</skipped>
</testcase>
<testcase name="@critical User Authentication › [TC-AUTH-005] @critical Sign up link navigation" classname="authentication.critical.spec.ts" time="0">
<skipped>
</skipped>
</testcase>
</testsuite>
<testsuite name="basic-functionality.smoke.spec.ts" timestamp="2025-09-03T06:04:58.728Z" hostname="edge" tests="4" failures="0" skipped="4" time="0" errors="0">
<testcase name="@smoke Basic Functionality Verification › [TC-BASIC-001] @smoke Homepage accessibility and basic elements" classname="basic-functionality.smoke.spec.ts" time="0">
<skipped>
</skipped>
</testcase>
<testcase name="@smoke Basic Functionality Verification › [TC-BASIC-002] @smoke User menu and login dialog" classname="basic-functionality.smoke.spec.ts" time="0">
<skipped>
</skipped>
</testcase>
<testcase name="@smoke Basic Functionality Verification › [TC-BASIC-003] @smoke Search functionality" classname="basic-functionality.smoke.spec.ts" time="0">
<skipped>
</skipped>
</testcase>
<testcase name="@smoke Basic Functionality Verification › [TC-BASIC-004] @smoke Category navigation" classname="basic-functionality.smoke.spec.ts" time="0">
<skipped>
</skipped>
</testcase>
</testsuite>
<testsuite name="category-navigation.smoke.spec.ts" timestamp="2025-09-03T06:04:58.728Z" hostname="edge" tests="4" failures="0" skipped="4" time="0" errors="0">
<testcase name="@smoke Category Navigation and Product Browsing › [TC-CAT-001] @smoke Living Room category page loads correctly" classname="category-navigation.smoke.spec.ts" time="0">
<skipped>
</skipped>
</testcase>
<testcase name="@smoke Category Navigation and Product Browsing › [TC-CAT-002] @smoke Category filters are functional" classname="category-navigation.smoke.spec.ts" time="0">
<skipped>
</skipped>
</testcase>
<testcase name="@smoke Category Navigation and Product Browsing › [TC-CAT-003] @smoke Search functionality with different terms" classname="category-navigation.smoke.spec.ts" time="0">
<skipped>
</skipped>
</testcase>
<testcase name="@smoke Category Navigation and Product Browsing › [TC-CAT-004] @regression Product pagination functionality" classname="category-navigation.smoke.spec.ts" time="0">
<skipped>
</skipped>
</testcase>
</testsuite>
<testsuite name="core-functionality.fixed.spec.ts" timestamp="2025-09-03T06:04:58.728Z" hostname="edge" tests="5" failures="0" skipped="5" time="0" errors="0">
<testcase name="@smoke Core Functionality Tests › [TC-CORE-001] @smoke Homepage loads correctly" classname="core-functionality.fixed.spec.ts" time="0">
<skipped>
</skipped>
</testcase>
<testcase name="@smoke Core Functionality Tests › [TC-CORE-002] @smoke User menu and login dialog work" classname="core-functionality.fixed.spec.ts" time="0">
<skipped>
</skipped>
</testcase>
<testcase name="@smoke Core Functionality Tests › [TC-CORE-003] @smoke Search functionality works" classname="core-functionality.fixed.spec.ts" time="0">
<skipped>
</skipped>
</testcase>
<testcase name="@smoke Core Functionality Tests › [TC-CORE-004] @smoke Category navigation works" classname="core-functionality.fixed.spec.ts" time="0">
<skipped>
</skipped>
</testcase>
<testcase name="@smoke Core Functionality Tests › [TC-CORE-005] @smoke Basic filter visibility" classname="core-functionality.fixed.spec.ts" time="0">
<skipped>
</skipped>
</testcase>
</testsuite>
<testsuite name="homepage.critical.spec.ts" timestamp="2025-09-03T06:04:58.728Z" hostname="edge" tests="4" failures="0" skipped="4" time="0" errors="0">
<testcase name="@critical Homepage Core Functionality › [TC-HOME-001] @critical Homepage loads with all essential elements" classname="homepage.critical.spec.ts" time="0">
<skipped>
</skipped>
</testcase>
<testcase name="@critical Homepage Core Functionality › [TC-HOME-002] @critical Product search functionality works correctly" classname="homepage.critical.spec.ts" time="0">
<skipped>
</skipped>
</testcase>
<testcase name="@critical Homepage Core Functionality › [TC-HOME-003] @critical User menu and login dialog functionality" classname="homepage.critical.spec.ts" time="0">
<skipped>
</skipped>
</testcase>
<testcase name="@critical Homepage Core Functionality › [TC-HOME-004] @critical Navigation menu categories are functional" classname="homepage.critical.spec.ts" time="0">
<skipped>
</skipped>
</testcase>
</testsuite>
<testsuite name="simple.test.ts" timestamp="2025-09-03T06:04:58.728Z" hostname="edge" tests="1" failures="0" skipped="1" time="0" errors="0">
<testcase name="[TC-SETUP-001] Simple test to check setup" classname="simple.test.ts" time="0">
<skipped>
</skipped>
</testcase>
</testsuite>
<testsuite name="test-homepage.test.ts" timestamp="2025-09-03T06:04:58.728Z" hostname="edge" tests="1" failures="0" skipped="1" time="0" errors="0">
<testcase name="[TC-SETUP-002] Test minimal HomePage" classname="test-homepage.test.ts" time="0">
<skipped>
</skipped>
</testcase>
</testsuite>
<testsuite name="authentication.critical.spec.ts" timestamp="2025-09-03T06:04:58.728Z" hostname="desktop-high-res" tests="5" failures="0" skipped="5" time="0" errors="0">
<testcase name="@critical User Authentication › [TC-AUTH-001] @critical Login dialog displays correctly" classname="authentication.critical.spec.ts" time="0">
<skipped>
</skipped>
</testcase>
<testcase name="@critical User Authentication › [TC-AUTH-002] @critical Login form accepts user input" classname="authentication.critical.spec.ts" time="0">
<skipped>
</skipped>
</testcase>
<testcase name="@critical User Authentication › [TC-AUTH-003] @critical Login form validation for empty fields" classname="authentication.critical.spec.ts" time="0">
<skipped>
</skipped>
</testcase>
<testcase name="@critical User Authentication › [TC-AUTH-004] @critical Forgot password link navigation" classname="authentication.critical.spec.ts" time="0">
<skipped>
</skipped>
</testcase>
<testcase name="@critical User Authentication › [TC-AUTH-005] @critical Sign up link navigation" classname="authentication.critical.spec.ts" time="0">
<skipped>
</skipped>
</testcase>
</testsuite>
<testsuite name="basic-functionality.smoke.spec.ts" timestamp="2025-09-03T06:04:58.728Z" hostname="desktop-high-res" tests="4" failures="0" skipped="4" time="0" errors="0">
<testcase name="@smoke Basic Functionality Verification › [TC-BASIC-001] @smoke Homepage accessibility and basic elements" classname="basic-functionality.smoke.spec.ts" time="0">
<skipped>
</skipped>
</testcase>
<testcase name="@smoke Basic Functionality Verification › [TC-BASIC-002] @smoke User menu and login dialog" classname="basic-functionality.smoke.spec.ts" time="0">
<skipped>
</skipped>
</testcase>
<testcase name="@smoke Basic Functionality Verification › [TC-BASIC-003] @smoke Search functionality" classname="basic-functionality.smoke.spec.ts" time="0">
<skipped>
</skipped>
</testcase>
<testcase name="@smoke Basic Functionality Verification › [TC-BASIC-004] @smoke Category navigation" classname="basic-functionality.smoke.spec.ts" time="0">
<skipped>
</skipped>
</testcase>
</testsuite>
<testsuite name="category-navigation.smoke.spec.ts" timestamp="2025-09-03T06:04:58.728Z" hostname="desktop-high-res" tests="4" failures="0" skipped="4" time="0" errors="0">
<testcase name="@smoke Category Navigation and Product Browsing › [TC-CAT-001] @smoke Living Room category page loads correctly" classname="category-navigation.smoke.spec.ts" time="0">
<skipped>
</skipped>
</testcase>
<testcase name="@smoke Category Navigation and Product Browsing › [TC-CAT-002] @smoke Category filters are functional" classname="category-navigation.smoke.spec.ts" time="0">
<skipped>
</skipped>
</testcase>
<testcase name="@smoke Category Navigation and Product Browsing › [TC-CAT-003] @smoke Search functionality with different terms" classname="category-navigation.smoke.spec.ts" time="0">
<skipped>
</skipped>
</testcase>
<testcase name="@smoke Category Navigation and Product Browsing › [TC-CAT-004] @regression Product pagination functionality" classname="category-navigation.smoke.spec.ts" time="0">
<skipped>
</skipped>
</testcase>
</testsuite>
<testsuite name="core-functionality.fixed.spec.ts" timestamp="2025-09-03T06:04:58.728Z" hostname="desktop-high-res" tests="5" failures="0" skipped="5" time="0" errors="0">
<testcase name="@smoke Core Functionality Tests › [TC-CORE-001] @smoke Homepage loads correctly" classname="core-functionality.fixed.spec.ts" time="0">
<skipped>
</skipped>
</testcase>
<testcase name="@smoke Core Functionality Tests › [TC-CORE-002] @smoke User menu and login dialog work" classname="core-functionality.fixed.spec.ts" time="0">
<skipped>
</skipped>
</testcase>
<testcase name="@smoke Core Functionality Tests › [TC-CORE-003] @smoke Search functionality works" classname="core-functionality.fixed.spec.ts" time="0">
<skipped>
</skipped>
</testcase>
<testcase name="@smoke Core Functionality Tests › [TC-CORE-004] @smoke Category navigation works" classname="core-functionality.fixed.spec.ts" time="0">
<skipped>
</skipped>
</testcase>
<testcase name="@smoke Core Functionality Tests › [TC-CORE-005] @smoke Basic filter visibility" classname="core-functionality.fixed.spec.ts" time="0">
<skipped>
</skipped>
</testcase>
</testsuite>
<testsuite name="homepage.critical.spec.ts" timestamp="2025-09-03T06:04:58.728Z" hostname="desktop-high-res" tests="4" failures="0" skipped="4" time="0" errors="0">
<testcase name="@critical Homepage Core Functionality › [TC-HOME-001] @critical Homepage loads with all essential elements" classname="homepage.critical.spec.ts" time="0">
<skipped>
</skipped>
</testcase>
<testcase name="@critical Homepage Core Functionality › [TC-HOME-002] @critical Product search functionality works correctly" classname="homepage.critical.spec.ts" time="0">
<skipped>
</skipped>
</testcase>
<testcase name="@critical Homepage Core Functionality › [TC-HOME-003] @critical User menu and login dialog functionality" classname="homepage.critical.spec.ts" time="0">
<skipped>
</skipped>
</testcase>
<testcase name="@critical Homepage Core Functionality › [TC-HOME-004] @critical Navigation menu categories are functional" classname="homepage.critical.spec.ts" time="0">
<skipped>
</skipped>
</testcase>
</testsuite>
<testsuite name="simple.test.ts" timestamp="2025-09-03T06:04:58.728Z" hostname="desktop-high-res" tests="1" failures="0" skipped="1" time="0" errors="0">
<testcase name="[TC-SETUP-001] Simple test to check setup" classname="simple.test.ts" time="0">
<skipped>
</skipped>
</testcase>
</testsuite>
<testsuite name="test-homepage.test.ts" timestamp="2025-09-03T06:04:58.728Z" hostname="desktop-high-res" tests="1" failures="0" skipped="1" time="0" errors="0">
<testcase name="[TC-SETUP-002] Test minimal HomePage" classname="test-homepage.test.ts" time="0">
<skipped>
</skipped>
</testcase>
</testsuite>
<testsuite name="authentication.critical.spec.ts" timestamp="2025-09-03T06:04:58.728Z" hostname="tablet" tests="5" failures="0" skipped="5" time="0" errors="0">
<testcase name="@critical User Authentication › [TC-AUTH-001] @critical Login dialog displays correctly" classname="authentication.critical.spec.ts" time="0">
<skipped>
</skipped>
</testcase>
<testcase name="@critical User Authentication › [TC-AUTH-002] @critical Login form accepts user input" classname="authentication.critical.spec.ts" time="0">
<skipped>
</skipped>
</testcase>
<testcase name="@critical User Authentication › [TC-AUTH-003] @critical Login form validation for empty fields" classname="authentication.critical.spec.ts" time="0">
<skipped>
</skipped>
</testcase>
<testcase name="@critical User Authentication › [TC-AUTH-004] @critical Forgot password link navigation" classname="authentication.critical.spec.ts" time="0">
<skipped>
</skipped>
</testcase>
<testcase name="@critical User Authentication › [TC-AUTH-005] @critical Sign up link navigation" classname="authentication.critical.spec.ts" time="0">
<skipped>
</skipped>
</testcase>
</testsuite>
<testsuite name="basic-functionality.smoke.spec.ts" timestamp="2025-09-03T06:04:58.728Z" hostname="tablet" tests="4" failures="0" skipped="4" time="0" errors="0">
<testcase name="@smoke Basic Functionality Verification › [TC-BASIC-001] @smoke Homepage accessibility and basic elements" classname="basic-functionality.smoke.spec.ts" time="0">
<skipped>
</skipped>
</testcase>
<testcase name="@smoke Basic Functionality Verification › [TC-BASIC-002] @smoke User menu and login dialog" classname="basic-functionality.smoke.spec.ts" time="0">
<skipped>
</skipped>
</testcase>
<testcase name="@smoke Basic Functionality Verification › [TC-BASIC-003] @smoke Search functionality" classname="basic-functionality.smoke.spec.ts" time="0">
<skipped>
</skipped>
</testcase>
<testcase name="@smoke Basic Functionality Verification › [TC-BASIC-004] @smoke Category navigation" classname="basic-functionality.smoke.spec.ts" time="0">
<skipped>
</skipped>
</testcase>
</testsuite>
<testsuite name="category-navigation.smoke.spec.ts" timestamp="2025-09-03T06:04:58.728Z" hostname="tablet" tests="4" failures="0" skipped="4" time="0" errors="0">
<testcase name="@smoke Category Navigation and Product Browsing › [TC-CAT-001] @smoke Living Room category page loads correctly" classname="category-navigation.smoke.spec.ts" time="0">
<skipped>
</skipped>
</testcase>
<testcase name="@smoke Category Navigation and Product Browsing › [TC-CAT-002] @smoke Category filters are functional" classname="category-navigation.smoke.spec.ts" time="0">
<skipped>
</skipped>
</testcase>
<testcase name="@smoke Category Navigation and Product Browsing › [TC-CAT-003] @smoke Search functionality with different terms" classname="category-navigation.smoke.spec.ts" time="0">
<skipped>
</skipped>
</testcase>
<testcase name="@smoke Category Navigation and Product Browsing › [TC-CAT-004] @regression Product pagination functionality" classname="category-navigation.smoke.spec.ts" time="0">
<skipped>
</skipped>
</testcase>
</testsuite>
<testsuite name="core-functionality.fixed.spec.ts" timestamp="2025-09-03T06:04:58.728Z" hostname="tablet" tests="5" failures="0" skipped="5" time="0" errors="0">
<testcase name="@smoke Core Functionality Tests › [TC-CORE-001] @smoke Homepage loads correctly" classname="core-functionality.fixed.spec.ts" time="0">
<skipped>
</skipped>
</testcase>
<testcase name="@smoke Core Functionality Tests › [TC-CORE-002] @smoke User menu and login dialog work" classname="core-functionality.fixed.spec.ts" time="0">
<skipped>
</skipped>
</testcase>
<testcase name="@smoke Core Functionality Tests › [TC-CORE-003] @smoke Search functionality works" classname="core-functionality.fixed.spec.ts" time="0">
<skipped>
</skipped>
</testcase>
<testcase name="@smoke Core Functionality Tests › [TC-CORE-004] @smoke Category navigation works" classname="core-functionality.fixed.spec.ts" time="0">
<skipped>
</skipped>
</testcase>
<testcase name="@smoke Core Functionality Tests › [TC-CORE-005] @smoke Basic filter visibility" classname="core-functionality.fixed.spec.ts" time="0">
<skipped>
</skipped>
</testcase>
</testsuite>
<testsuite name="homepage.critical.spec.ts" timestamp="2025-09-03T06:04:58.728Z" hostname="tablet" tests="4" failures="0" skipped="4" time="0" errors="0">
<testcase name="@critical Homepage Core Functionality › [TC-HOME-001] @critical Homepage loads with all essential elements" classname="homepage.critical.spec.ts" time="0">
<skipped>
</skipped>
</testcase>
<testcase name="@critical Homepage Core Functionality › [TC-HOME-002] @critical Product search functionality works correctly" classname="homepage.critical.spec.ts" time="0">
<skipped>
</skipped>
</testcase>
<testcase name="@critical Homepage Core Functionality › [TC-HOME-003] @critical User menu and login dialog functionality" classname="homepage.critical.spec.ts" time="0">
<skipped>
</skipped>
</testcase>
<testcase name="@critical Homepage Core Functionality › [TC-HOME-004] @critical Navigation menu categories are functional" classname="homepage.critical.spec.ts" time="0">
<skipped>
</skipped>
</testcase>
</testsuite>
<testsuite name="simple.test.ts" timestamp="2025-09-03T06:04:58.728Z" hostname="tablet" tests="1" failures="0" skipped="1" time="0" errors="0">
<testcase name="[TC-SETUP-001] Simple test to check setup" classname="simple.test.ts" time="0">
<skipped>
</skipped>
</testcase>
</testsuite>
<testsuite name="test-homepage.test.ts" timestamp="2025-09-03T06:04:58.728Z" hostname="tablet" tests="1" failures="0" skipped="1" time="0" errors="0">
<testcase name="[TC-SETUP-002] Test minimal HomePage" classname="test-homepage.test.ts" time="0">
<skipped>
</skipped>
</testcase>
</testsuite>
</testsuites>